<?xml version="1.0" encoding="UTF-8"?>
<testng-results ignored="0" total="2" passed="2" failed="0" skipped="0">
  <reporter-output>
  </reporter-output>
  <suite started-at="2024-05-23T08:48:13 EDT" name="Suite" finished-at="2024-05-23T08:48:20 EDT" duration-ms="7063">
    <groups>
    </groups>
    <test started-at="2024-05-23T08:48:13 EDT" name="Test" finished-at="2024-05-23T08:48:20 EDT" duration-ms="7063">
      <class name="FacebookTest">
        <test-method signature="loginCheck()[pri:0, instance:FacebookTest@130161f7]" started-at="2024-05-23T08:48:13 EDT" name="loginCheck" finished-at="2024-05-23T08:48:19 EDT" duration-ms="6000" status="PASS">
          <reporter-output>
          </reporter-output>
        </test-method> <!-- loginCheck -->
      </class> <!-- FacebookTest -->
      <class name="GoogleTest">
        <test-method signature="homePageCheck()[pri:0, instance:GoogleTest@76508ed1]" started-at="2024-05-23T08:48:13 EDT" name="homePageCheck" finished-at="2024-05-23T08:48:20 EDT" duration-ms="7039" status="PASS">
          <reporter-output>
          </reporter-output>
        </test-method> <!-- homePageCheck -->
      </class> <!-- GoogleTest -->
    </test> <!-- Test -->
  </suite> <!-- Suite -->
</testng-results>
